[2023-06-02 04:57:49] local.ERROR: Unable to prepare route [ads.txt] for serialization. Uses Closure. {"exception":"[object] (LogicException(code: 0): Unable to prepare route [ads.txt] for serialization. Uses Closure. at /var/www/modgamesmm/vendor/laravel/framework/src/Illuminate/Routing/Route.php:917)
[stacktrace]
#0 /var/www/modgamesmm/vendor/laravel/framework/src/Illuminate/Foundation/Console/RouteCacheCommand.php(62): Illuminate\\Routing\\Route->prepareForSerialization()
#1 [internal function]: Illuminate\\Foundation\\Console\\RouteCacheCommand->handle()
#2 /var/www/modgamesmm/vendor/laravel/framework/src/Illuminate/Container/BoundMethod.php(32): call_user_func_array()
#3 /var/www/modgamesmm/vendor/laravel/framework/src/Illuminate/Container/BoundMethod.php(90): Illuminate\\Container\\BoundMethod::Illuminate\\Container\\{closure}()
#4 /var/www/modgamesmm/vendor/laravel/framework/src/Illuminate/Container/BoundMethod.php(34): Illuminate\\Container\\BoundMethod::callBoundMethod()
#5 /var/www/modgamesmm/vendor/laravel/framework/src/Illuminate/Container/Container.php(576): Illuminate\\Container\\BoundMethod::call()
#6 /var/www/modgamesmm/vendor/laravel/framework/src/Illuminate/Console/Command.php(183): Illuminate\\Container\\Container->call()
#7 /var/www/modgamesmm/vendor/symfony/console/Command/Command.php(255): Illuminate\\Console\\Command->execute()
#8 /var/www/modgamesmm/vendor/laravel/framework/src/Illuminate/Console/Command.php(170): Symfony\\Component\\Console\\Command\\Command->run()
#9 /var/www/modgamesmm/vendor/symfony/console/Application.php(1009): Illuminate\\Console\\Command->run()
#10 /var/www/modgamesmm/vendor/symfony/console/Application.php(273): Symfony\\Component\\Console\\Application->doRunCommand()
#11 /var/www/modgamesmm/vendor/symfony/console/Application.php(149): Symfony\\Component\\Console\\Application->doRun()
#12 /var/www/modgamesmm/vendor/laravel/framework/src/Illuminate/Console/Application.php(90): Symfony\\Component\\Console\\Application->run()
#13 /var/www/modgamesmm/vendor/laravel/framework/src/Illuminate/Foundation/Console/Kernel.php(133): Illuminate\\Console\\Application->run()
#14 /var/www/modgamesmm/artisan(37): Illuminate\\Foundation\\Console\\Kernel->handle()
#15 {main}
"} 
[2023-06-02 04:58:03] local.ERROR: Unable to prepare route [ads.txt] for serialization. Uses Closure. {"exception":"[object] (LogicException(code: 0): Unable to prepare route [ads.txt] for serialization. Uses Closure. at /var/www/modgamesmm/vendor/laravel/framework/src/Illuminate/Routing/Route.php:917)
[stacktrace]
#0 /var/www/modgamesmm/vendor/laravel/framework/src/Illuminate/Foundation/Console/RouteCacheCommand.php(62): Illuminate\\Routing\\Route->prepareForSerialization()
#1 [internal function]: Illuminate\\Foundation\\Console\\RouteCacheCommand->handle()
#2 /var/www/modgamesmm/vendor/laravel/framework/src/Illuminate/Container/BoundMethod.php(32): call_user_func_array()
#3 /var/www/modgamesmm/vendor/laravel/framework/src/Illuminate/Container/BoundMethod.php(90): Illuminate\\Container\\BoundMethod::Illuminate\\Container\\{closure}()
#4 /var/www/modgamesmm/vendor/laravel/framework/src/Illuminate/Container/BoundMethod.php(34): Illuminate\\Container\\BoundMethod::callBoundMethod()
#5 /var/www/modgamesmm/vendor/laravel/framework/src/Illuminate/Container/Container.php(576): Illuminate\\Container\\BoundMethod::call()
#6 /var/www/modgamesmm/vendor/laravel/framework/src/Illuminate/Console/Command.php(183): Illuminate\\Container\\Container->call()
#7 /var/www/modgamesmm/vendor/symfony/console/Command/Command.php(255): Illuminate\\Console\\Command->execute()
#8 /var/www/modgamesmm/vendor/laravel/framework/src/Illuminate/Console/Command.php(170): Symfony\\Component\\Console\\Command\\Command->run()
#9 /var/www/modgamesmm/vendor/symfony/console/Application.php(1009): Illuminate\\Console\\Command->run()
#10 /var/www/modgamesmm/vendor/symfony/console/Application.php(273): Symfony\\Component\\Console\\Application->doRunCommand()
#11 /var/www/modgamesmm/vendor/symfony/console/Application.php(149): Symfony\\Component\\Console\\Application->doRun()
#12 /var/www/modgamesmm/vendor/laravel/framework/src/Illuminate/Console/Application.php(90): Symfony\\Component\\Console\\Application->run()
#13 /var/www/modgamesmm/vendor/laravel/framework/src/Illuminate/Foundation/Console/Kernel.php(133): Illuminate\\Console\\Application->run()
#14 /var/www/modgamesmm/artisan(37): Illuminate\\Foundation\\Console\\Kernel->handle()
#15 {main}
"} 
